{
  "RSpec": {
    "coverage": {
      "/Users/jon/code/fastlane/fastlane/fastlane/lib/fastlane.rb": [
        1,
        1,
        1,
        1,
        1,
        1,
        1,
        1,
        1,
        1,
        1,
        1,
        1,
        1,
        1,
        1,
        null,
        1,
        null,
        1,
        1,
        null,
        1,
        1,
        null,
        1,
        1,
        1,
        null,
        null
      ],
      "/Users/jon/code/fastlane/fastlane/fastlane/lib/fastlane/core_ext/string.rb": [
        1,
        1,
        364,
        null,
        null,
        1,
        null,
        null,
        null,
        null,
        10369,
        null,
        null
      ],
      "/Users/jon/code/fastlane/fastlane/fastlane/lib/fastlane/actions/actions_helper.rb": [
        1,
        null,
        1,
        1,
        1,
        1,
        1,
        1,
        null,
        null,
        1,
        362,
        null,
        null,
        null,
        1,
        1634,
        null,
        null,
        null,
        1,
        687,
        null,
        null,
        null,
        null,
        null,
        1,
        353,
        353,
        null,
        353,
        353,
        null,
        353,
        353,
        353,
        73,
        73,
        73,
        null,
        null,
        null,
        353,
        352,
        null,
        null,
        null,
        null,
        null,
        352,
        null,
        null,
        353,
        null,
        null,
        null,
        null,
        1,
        427,
        53802,
        null,
        null,
        null,
        null,
        1,
        2,
        252,
        null,
        null,
        null,
        null,
        1,
        1,
        6,
        null,
        null,
        null,
        1,
        4,
        null,
        4,
        8,
        null,
        8,
        null,
        8,
        8,
        8,
        null,
        7,
        7,
        null,
        0,
        0,
        0,
        null,
        null,
        null,
        1,
        1,
        1,
        null,
        null,
        null,
        null,
        null
      ],
      "/Users/jon/code/fastlane/fastlane/fastlane/lib/fastlane/fast_file.rb": [
        1,
        1,
        null,
        1,
        null,
        null,
        null,
        1,
        null,
        1,
        null,
        null,
        1,
        376,
        52,
        51,
        51,
        null,
        null,
        51,
        1,
        null,
        null,
        null,
        null,
        null,
        51,
        null,
        null,
        1,
        378,
        null,
        null,
        1,
        378,
        null,
        378,
        null,
        378,
        null,
        378,
        null,
        null,
        null,
        null,
        null,
        null,
        378,
        null,
        null,
        3,
        3,
        null,
        null,
        null,
        372,
        null,
        null,
        null,
        null,
        null,
        null,
        null,
        1,
        623,
        null,
        622,
        null,
        null,
        null,
        null,
        null,
        617,
        null,
        null,
        null,
        1,
        22,
        null,
        22,
        null,
        null,
        null,
        null,
        null,
        22,
        null,
        null,
        null,
        1,
        2,
        null,
        2,
        null,
        null,
        null,
        null,
        null,
        2,
        null,
        null,
        null,
        1,
        79,
        null,
        79,
        null,
        79,
        null,
        79,
        null,
        null,
        null,
        1,
        47,
        null,
        null,
        null,
        1,
        25,
        null,
        null,
        null,
        1,
        47,
        null,
        null,
        null,
        1,
        354,
        354,
        null,
        null,
        354,
        354,
        354,
        354,
        null,
        null,
        null,
        9,
        null,
        null,
        null,
        null,
        null,
        345,
        null,
        345,
        null,
        0,
        null,
        null,
        null,
        null,
        null,
        null,
        null,
        1,
        9,
        null,
        null,
        null,
        1,
        8,
        null,
        8,
        5,
        null,
        4,
        null,
        null,
        1,
        0,
        null,
        0,
        null,
        null,
        null,
        1,
        0,
        0,
        null,
        null,
        null,
        1,
        272,
        null,
        null,
        1,
        918,
        null,
        null,
        1,
        6,
        null,
        5,
        5,
        4,
        null,
        null,
        5,
        null,
        3,
        3,
        null,
        null,
        2,
        2,
        null,
        null,
        null,
        null,
        null,
        1,
        1,
        null,
        0,
        0,
        null,
        0,
        null,
        null,
        0,
        null,
        0,
        0,
        null,
        0,
        0,
        null,
        0,
        null,
        0,
        0,
        null,
        0,
        null,
        null,
        0,
        0,
        0,
        0,
        0,
        null,
        null,
        null,
        null,
        0,
        null,
        0,
        null,
        0,
        0,
        null,
        null,
        null,
        null,
        null,
        null,
        null,
        null,
        null,
        1,
        null,
        1,
        1,
        1,
        1,
        null,
        null,
        null,
        1,
        null,
        1,
        1,
        1,
        null,
        null,
        null
      ],
      "/Users/jon/code/fastlane/fastlane/fastlane/lib/fastlane/dependency_checker.rb": [
        1,
        1,
        1,
        0,
        null,
        null,
        1,
        0,
        0,
        0,
        0,
        0,
        0,
        0,
        null,
        null,
        null,
        null
      ],
      "/Users/jon/code/fastlane/fastlane/fastlane/lib/fastlane/runner.rb": [
        1,
        1,
        null,
        1,
        null,
        null,
        1,
        null,
        null,
        1,
        null,
        1,
        712,
        null,
        null,
        null,
        null,
        null,
        null,
        null,
        null,
        null,
        1,
        354,
        null,
        354,
        354,
        null,
        354,
        null,
        354,
        353,
        null,
        352,
        352,
        null,
        352,
        352,
        null,
        352,
        null,
        352,
        null,
        352,
        352,
        352,
        null,
        352,
        352,
        null,
        352,
        null,
        null,
        null,
        270,
        270,
        null,
        null,
        270,
        82,
        82,
        null,
        82,
        null,
        82,
        82,
        null,
        82,
        null,
        null,
        null,
        null,
        null,
        null,
        null,
        1,
        13,
        13,
        36,
        null,
        29,
        70,
        null,
        null,
        13,
        null,
        null,
        null,
        null,
        null,
        null,
        1,
        9,
        9,
        9,
        7,
        7,
        null,
        7,
        null,
        6,
        6,
        6,
        6,
        null,
        null,
        6,
        6,
        6,
        6,
        null,
        6,
        6,
        null,
        null,
        2,
        2,
        null,
        null,
        null,
        1,
        345,
        null,
        345,
        null,
        344,
        344,
        344,
        null,
        null,
        344,
        44,
        null,
        265,
        null,
        null,
        null,
        null,
        2,
        null,
        null,
        322,
        null,
        null,
        72,
        72,
        72,
        null,
        null,
        null,
        1,
        345,
        345,
        null,
        4,
        null,
        4,
        1,
        null,
        null,
        null,
        null,
        null,
        1,
        436,
        null,
        null,
        null,
        1,
        4,
        null,
        null,
        null,
        null,
        null,
        null,
        1,
        642,
        null,
        642,
        1,
        null,
        null,
        641,
        null,
        null,
        1,
        47,
        null,
        null,
        1,
        25,
        null,
        null,
        1,
        47,
        null,
        null,
        1,
        2337,
        null,
        null,
        1,
        774,
        null,
        null,
        1,
        571,
        null,
        null,
        1,
        217,
        null,
        null,
        null
      ],
      "/Users/jon/code/fastlane/fastlane/fastlane/lib/fastlane/setup/setup.rb": [
        1,
        1,
        null,
        1,
        0,
        0,
        0,
        0,
        null,
        0,
        0,
        null,
        0,
        0,
        0,
        null,
        null,
        0,
        0,
        null,
        0,
        null,
        0,
        null,
        0,
        null,
        null,
        1,
        0,
        null,
        null,
        1,
        0,
        null,
        null,
        1,
        1,
        1,
        1,
        1,
        null,
        null,
        1,
        0,
        null,
        null,
        null,
        null,
        1,
        1
      ],
      "/Users/jon/code/fastlane/fastlane/fastlane/lib/fastlane/setup/setup_ios.rb": [
        1,
        1,
        null,
        1,
        null,
        1,
        1,
        0,
        0,
        null,
        null,
        1,
        1,
        1,
        null,
        null,
        1,
        1,
        1,
        1,
        1,
        1,
        1,
        1,
        1,
        1,
        0,
        null,
        null,
        0,
        0,
        0,
        null,
        null,
        null,
        null,
        1,
        2,
        2,
        2,
        2,
        2,
        null,
        null,
        1,
        2,
        null,
        null,
        1,
        1,
        3,
        3,
        1,
        1,
        1,
        1,
        null,
        null,
        null,
        1,
        1,
        1,
        null,
        1,
        1,
        null,
        1,
        1,
        1,
        1,
        1,
        1,
        null,
        null,
        1,
        1,
        1,
        1,
        1,
        1,
        1,
        1,
        null,
        null,
        1,
        1,
        1,
        null,
        0,
        0,
        0,
        0,
        0,
        0,
        0,
        null,
        0,
        null,
        null,
        null,
        1,
        1,
        1,
        null,
        1,
        1,
        1,
        null,
        1,
        null,
        null,
        null,
        1,
        null,
        null,
        1,
        1,
        null,
        1,
        1,
        1,
        null,
        0,
        null,
        null,
        1,
        1,
        1,
        1,
        1,
        1,
        1,
        null,
        1,
        6,
        6,
        null,
        null,
        1,
        1,
        1,
        null,
        null,
        1,
        9,
        null,
        null,
        1,
        null,
        0,
        0,
        0,
        0,
        0,
        0,
        null,
        null,
        null,
        0,
        0,
        null,
        null,
        null
      ],
      "/Users/jon/code/fastlane/fastlane/fastlane/lib/fastlane/setup/setup_android.rb": [
        1,
        1,
        1,
        0,
        0,
        0,
        null,
        null,
        0,
        0,
        null,
        0,
        0,
        0,
        0,
        0,
        null,
        0,
        null,
        0,
        null,
        null,
        1,
        0,
        0,
        null,
        0,
        0,
        0,
        0,
        0,
        0,
        0,
        0,
        null,
        0,
        0,
        0,
        0,
        0,
        0,
        0,
        null,
        null,
        1,
        0,
        null,
        0,
        null,
        0,
        0,
        0,
        null,
        null,
        1,
        0,
        0,
        0,
        0,
        0,
        0,
        0,
        0,
        0,
        0,
        0,
        0,
        0,
        null,
        null,
        0,
        null,
        null,
        null,
        1,
        0,
        null,
        null,
        null
      ],
      "/Users/jon/code/fastlane/fastlane/fastlane/lib/fastlane/lane.rb": [
        1,
        null,
        1,
        1,
        null,
        1,
        null,
        null,
        null,
        1,
        null,
        1,
        null,
        null,
        1,
        null,
        1,
        646,
        646,
        644,
        null,
        643,
        1,
        1,
        null,
        null,
        642,
        642,
        642,
        642,
        642,
        null,
        null,
        null,
        1,
        358,
        null,
        null,
        null,
        1,
        10,
        null,
        null,
        1,
        1,
        644,
        null,
        null,
        null,
        null
      ],
      "/Users/jon/code/fastlane/fastlane/fastlane/lib/fastlane/fastlane_folder.rb": [
        1,
        1,
        1,
        null,
        null,
        1,
        730,
        730,
        730,
        730,
        null,
        730,
        730,
        null,
        null,
        null,
        1,
        1,
        1,
        null,
        null,
        1,
        1,
        1,
        1,
        null,
        null,
        null
      ],
      "/Users/jon/code/fastlane/fastlane/fastlane/lib/fastlane/junit_generator.rb": [
        1,
        1,
        1,
        null,
        null,
        null,
        5,
        5,
        null,
        5,
        5,
        5,
        null,
        5,
        null,
        5,
        null,
        5,
        null,
        null,
        1,
        5,
        0,
        null,
        5,
        null,
        null,
        null,
        null
      ],
      "/Users/jon/code/fastlane/fastlane/fastlane/lib/fastlane/lane_manager.rb": [
        1,
        1,
        null,
        null,
        null,
        null,
        1,
        6,
        5,
        4,
        null,
        4,
        null,
        4,
        4,
        4,
        null,
        null,
        null,
        4,
        null,
        null,
        null,
        null,
        4,
        3,
        null,
        null,
        null,
        4,
        null,
        null,
        1,
        0,
        0,
        null,
        null,
        null,
        4,
        null,
        4,
        null,
        4,
        4,
        4,
        4,
        null,
        1,
        1,
        1,
        1,
        null,
        null,
        4,
        null,
        4,
        null,
        3,
        null,
        null,
        null,
        1,
        4,
        null,
        null,
        4,
        4,
        null,
        4,
        1,
        1,
        null,
        3,
        0,
        null,
        3,
        null,
        null,
        null,
        null,
        null,
        1,
        4,
        null,
        4,
        null,
        4,
        4,
        1382,
        1382,
        null,
        null,
        4,
        4,
        null,
        null,
        null,
        null,
        4,
        null,
        null,
        null,
        null,
        1,
        0,
        0,
        0,
        null,
        0,
        0,
        null,
        null,
        0,
        0,
        0,
        0,
        0,
        0,
        null,
        0,
        0,
        0,
        null,
        null,
        0,
        null,
        null,
        0,
        null,
        null,
        null,
        1,
        4,
        0,
        null,
        0,
        null,
        null,
        0,
        0,
        0,
        null,
        null,
        0,
        0,
        0,
        0,
        null,
        null,
        null,
        null
      ],
      "/Users/jon/code/fastlane/fastlane/fastlane/lib/fastlane/action.rb": [
        1,
        null,
        1,
        1,
        1,
        null,
        null,
        null,
        1,
        8,
        null,
        null,
        1,
        null,
        null,
        null,
        1,
        null,
        null,
        null,
        null,
        null,
        null,
        null,
        null,
        null,
        1,
        null,
        null,
        null,
        null,
        null,
        null,
        null,
        1,
        null,
        null,
        null,
        null,
        1,
        null,
        null,
        null,
        1,
        null,
        null,
        null,
        1,
        null,
        null,
        null,
        null,
        null,
        null,
        null,
        0,
        null,
        null,
        null,
        null,
        1,
        340,
        null,
        null,
        null,
        1,
        9,
        null,
        null,
        null,
        1,
        382,
        null,
        null,
        null
      ],
      "/Users/jon/code/fastlane/fastlane/fastlane/lib/fastlane/action_collector.rb": [
        1,
        1,
        1,
        null,
        1,
        356,
        338,
        338,
        null,
        null,
        null,
        1,
        72,
        72,
        null,
        null,
        null,
        null,
        null,
        1,
        4,
        4,
        0,
        0,
        0,
        0,
        0,
        0,
        null,
        null,
        4,
        4,
        4,
        null,
        null,
        null,
        null,
        4,
        0,
        0,
        0,
        null,
        null,
        null,
        null,
        null,
        null,
        null,
        null,
        null,
        1,
        684,
        null,
        null,
        1,
        429,
        422,
        null,
        null,
        1,
        4,
        null,
        4,
        4,
        4,
        null,
        null,
        null
      ],
      "/Users/jon/code/fastlane/fastlane/fastlane/lib/fastlane/supported_platforms.rb": [
        1,
        1,
        1,
        null,
        105,
        null,
        null,
        null,
        null,
        null,
        null,
        1,
        104,
        1,
        null,
        null,
        null,
        null
      ],
      "/Users/jon/code/fastlane/fastlane/fastlane/lib/fastlane/configuration_helper.rb": [
        1,
        1,
        1,
        311,
        null,
        311,
        null,
        268,
        null,
        43,
        27,
        27,
        null,
        null,
        null,
        16,
        null,
        null,
        null,
        20,
        20,
        20,
        null,
        20,
        null,
        null,
        null
      ],
      "/Users/jon/code/fastlane/fastlane/fastlane/lib/fastlane/command_line_handler.rb": [
        1,
        1,
        null,
        null,
        null,
        1,
        3,
        3,
        3,
        10,
        4,
        4,
        4,
        4,
        4,
        null,
        6,
        null,
        null,
        null,
        3,
        3,
        3,
        3,
        null,
        0,
        null,
        null,
        3,
        3,
        null,
        null,
        null,
        1,
        5,
        4,
        null,
        null,
        3,
        null,
        null,
        null
      ],
      "/Users/jon/code/fastlane/fastlane/fastlane/lib/fastlane/actions/add_git_tag.rb": [
        1,
        1,
        null,
        1,
        1,
        8,
        null,
        8,
        null,
        8,
        8,
        null,
        null,
        1,
        9,
        null,
        null,
        1,
        null,
        null,
        null,
        null,
        21,
        null,
        null,
        null,
        null,
        null,
        null,
        null,
        null,
        null,
        null,
        null,
        null,
        null,
        null,
        null,
        null,
        1,
        4,
        null,
        null,
        1,
        2,
        null,
        null,
        null,
        null
      ],
      "/Users/jon/code/fastlane/fastlane/fastlane/lib/fastlane/actions/appaloosa.rb": [
        1,
        1,
        1,
        1,
        1,
        0,
        null,
        0,
        0,
        null,
        0,
        0,
        0,
        0,
        0,
        null,
        null,
        0,
        0,
        0,
        0,
        0,
        0,
        0,
        null,
        null,
        1,
        0,
        0,
        0,
        null,
        null,
        1,
        0,
        0,
        null,
        null,
        null,
        0,
        0,
        0,
        0,
        0,
        0,
        0,
        0,
        null,
        null,
        0,
        null,
        null,
        1,
        0,
        null,
        null,
        null,
        0,
        0,
        null,
        0,
        0,
        0,
        null,
        null,
        1,
        0,
        null,
        null,
        1,
        0,
        0,
        null,
        null,
        1,
        0,
        0,
        0,
        null,
        null,
        1,
        0,
        0,
        null,
        null,
        1,
        0,
        null,
        null,
        1,
        0,
        0,
        null,
        0,
        0,
        null,
        null,
        1,
        0,
        0,
        null,
        0,
        0,
        null,
        null,
        1,
        0,
        0,
        0,
        0,
        0,
        null,
        null,
        1,
        0,
        0,
        0,
        null,
        null,
        1,
        0,
        0,
        null,
        0,
        0,
        0,
        null,
        null,
        1,
        0,
        0,
        null,
        null,
        null,
        null,
        null,
        null,
        null,
        null,
        null,
        null,
        null,
        null,
        null,
        0,
        0,
        0,
        null,
        0,
        null,
        null,
        null,
        1,
        0,
        0,
        0,
        0,
        null,
        null,
        0,
        0,
        0,
        null,
        null,
        0,
        null,
        null,
        1,
        null,
        0,
        0,
        null,
        null,
        1,
        0,
        0,
        0,
        null,
        0,
        null,
        null,
        null,
        1,
        0,
        null,
        null,
        null,
        null,
        null,
        null,
        null,
        1,
        9,
        null,
        null,
        1,
        null,
        null,
        null,
        4,
        null,
        null,
        1,
        null,
        null,
        null,
        null,
        null,
        null,
        0,
        5,
        null,
        null,
        null,
        null,
        null,
        null,
        null,
        null,
        null,
        null,
        null,
        null,
        null,
        null,
        null,
        null,
        null,
        null,
        null,
        null,
        null,
        null,
        null,
        null,
        null,
        null,
        null,
        null,
        null,
        null,
        null,
        null,
        null,
        null,
        null,
        null,
        null,
        null,
        null,
        null,
        null,
        null,
        null,
        1,
        4,
        null,
        null,
        1,
        2,
        null,
        null,
        null,
        null
      ],
      "/Users/jon/code/fastlane/fastlane/fastlane/lib/fastlane/actions/appetize.rb": [
        1,
        1,
        1,
        1,
        1,
        1,
        1,
        null,
        null,
        1,
        1,
        null,
        1,
        2,
        null,
        null,
        1,
        4,
        4,
        4,
        null,
        4,
        4,
        4,
        null,
        4,
        4,
        null,
        null,
        null,
        null,
        null,
        1,
        1,
        1,
        null,
        1,
        1,
        1,
        1,
        1,
        null,
        null,
        1,
        1,
        1,
        1,
        1,
        1,
        null,
        1,
        1,
        1,
        1,
        1,
        null,
        0,
        0,
        0,
        null,
        1,
        null,
        1,
        0,
        null,
        null,
        0,
        null,
        0,
        null,
        0,
        null,
        0,
        null,
        1,
        null,
        1,
        9,
        null,
        null,
        1,
        null,
        null,
        null,
        null,
        null,
        4,
        13,
        null,
        null,
        null,
        null,
        null,
        3,
        null,
        null,
        null,
        null,
        null,
        null,
        null,
        null,
        1,
        null,
        4,
        null,
        null,
        null,
        null,
        null,
        null,
        1,
        4,
        null,
        null,
        null,
        null
      ],
      "/Users/jon/code/fastlane/fastlane/fastlane/lib/fastlane/actions/appledoc.rb": [
        1,
        1,
        1,
        1,
        null,
        null,
        1,
        1,
        null,
        null,
        null,
        null,
        null,
        null,
        null,
        null,
        null,
        null,
        null,
        null,
        null,
        null,
        null,
        null,
        null,
        null,
        null,
        null,
        null,
        null,
        null,
        null,
        null,
        null,
        null,
        null,
        null,
        null,
        null,
        null,
        null,
        null,
        null,
        null,
        null,
        null,
        null,
        null,
        null,
        null,
        null,
        null,
        null,
        null,
        1,
        42,
        0,
        0,
        null,
        null,
        42,
        null,
        null,
        42,
        1,
        1,
        null,
        null,
        null,
        42,
        42,
        42,
        42,
        42,
        42,
        null,
        null,
        1,
        null,
        1890,
        null,
        42,
        42,
        209,
        209,
        44,
        2,
        null,
        null,
        165,
        1,
        2,
        null,
        null,
        164,
        null,
        null,
        null,
        null,
        42,
        null,
        null,
        1,
        166,
        166,
        null,
        null,
        1,
        1,
        null,
        null,
        1,
        0,
        null,
        null,
        null,
        1,
        9,
        null,
        null,
        1,
        null,
        null,
        89,
        null,
        null,
        null,
        null,
        null,
        null,
        null,
        null,
        null,
        null,
        null,
        null,
        null,
        null,
        null,
        null,
        null,
        null,
        null,
        null,
        null,
        null,
        null,
        null,
        null,
        null,
        null,
        null,
        null,
        null,
        null,
        null,
        null,
        null,
        null,
        null,
        null,
        null,
        null,
        null,
        null,
        null,
        null,
        null,
        null,
        null,
        null,
        null,
        null,
        null,
        null,
        null,
        null,
        null,
        null,
        null,
        null,
        null,
        1,
        null,
        4,
        null,
        null,
        null,
        1,
        4,
        null,
        null,
        1,
        2,
        null,
        null,
        null,
        null
      ],
      "/Users/jon/code/fastlane/fastlane/fastlane/lib/fastlane/actions/appstore.rb": [
        1,
        1,
        1,
        1,
        1,
        null,
        null,
        null,
        null,
        null,
        null,
        1,
        9,
        null,
        null,
        1,
        7,
        7,
        7,
        null,
        null,
        1,
        4,
        null,
        null,
        1,
        4,
        null,
        null,
        1,
        2,
        null,
        null,
        null,
        null
      ],
      "/Users/jon/code/fastlane/fastlane/fastlane/lib/fastlane/actions/artifactory.rb": [
        1,
        1,
        1,
        1,
        0,
        null,
        0,
        0,
        0,
        0,
        0,
        0,
        0,
        0,
        null,
        null,
        null,
        0,
        0,
        0,
        0,
        0,
        0,
        0,
        null,
        0,
        null,
        null,
        null,
        1,
        0,
        0,
        0,
        null,
        0,
        null,
        null,
        1,
        9,
        null,
        null,
        1,
        2,
        null,
        null,
        1,
        4,
        null,
        null,
        1,
        null,
        null,
        null,
        null,
        5,
        null,
        null,
        null,
        null,
        null,
        null,
        null,
        null,
        null,
        null,
        null,
        null,
        null,
        null,
        null,
        null,
        null,
        null,
        null,
        null,
        null,
        null,
        null,
        null,
        null,
        null,
        null,
        null,
        null,
        null,
        null,
        null,
        null,
        null,
        null,
        null,
        null,
        null,
        null,
        null,
        null,
        null,
        null,
        null,
        null,
        null,
        null,
        null,
        null,
        null,
        null,
        null,
        null,
        null,
        null,
        null,
        null,
        null,
        null,
        null,
        null
      ],
      "/Users/jon/code/fastlane/fastlane/fastlane/lib/fastlane/actions/backup_file.rb": [
        1,
        1,
        1,
        1,
        2,
        2,
        2,
        null,
        null,
        1,
        9,
        null,
        null,
        1,
        2,
        null,
        null,
        1,
        4,
        null,
        null,
        1,
        null,
        null,
        null,
        9,
        null,
        null,
        null,
        null,
        null
      ],
      "/Users/jon/code/fastlane/fastlane/fastlane/lib/fastlane/actions/backup_xcarchive.rb": [
        1,
        1,
        1,
        1,
        null,
        null,
        1,
        1,
        null,
        1,
        null,
        2,
        2,
        2,
        2,
        null,
        null,
        2,
        null,
        2,
        0,
        0,
        0,
        0,
        null,
        null,
        2,
        null,
        null,
        2,
        1,
        null,
        1,
        1,
        1,
        null,
        null,
        1,
        null,
        null,
        1,
        null,
        1,
        null,
        null,
        1,
        null,
        1,
        null,
        null,
        null,
        null,
        null,
        null,
        null,
        1,
        9,
        null,
        null,
        1,
        null,
        null,
        null,
        null,
        null,
        null,
        null,
        2,
        9,
        null,
        null,
        null,
        null,
        null,
        2,
        null,
        null,
        null,
        null,
        null,
        null,
        null,
        null,
        null,
        null,
        null,
        null,
        null,
        null,
        null,
        null,
        1,
        null,
        4,
        null,
        null,
        null,
        1,
        4,
        null,
        null,
        1,
        2,
        null,
        null,
        null,
        null,
        null
      ],
      "/Users/jon/code/fastlane/fastlane/fastlane/lib/fastlane/actions/bundle_install.rb": [
        1,
        1,
        1,
        null,
        null,
        1,
        1,
        1,
        null,
        1,
        1,
        1,
        1,
        1,
        1,
        1,
        1,
        1,
        1,
        1,
        1,
        1,
        1,
        1,
        1,
        1,
        1,
        null,
        1,
        null,
        0,
        null,
        null,
        null,
        null,
        null,
        1,
        0,
        0,
        0,
        0,
        0,
        0,
        null,
        0,
        null,
        null,
        1,
        9,
        null,
        null,
        1,
        2,
        null,
        null,
        1,
        4,
        null,
        null,
        1,
        null,
        null,
        null,
        null,
        7,
        null,
        null,
        null,
        null,
        null,
        null,
        null,
        null,
        null,
        null,
        null,
        null,
        null,
        null,
        null,
        null,
        null,
        null,
        null,
        null,
        null,
        null,
        null,
        null,
        null,
        null,
        null,
        null,
        null,
        null,
        null,
        null,
        null,
        null,
        null,
        null,
        null,
        null,
        null,
        null,
        null,
        null,
        null,
        null,
        null,
        null,
        null,
        null,
        null,
        null,
        null,
        null,
        null,
        null,
        null,
        null,
        null,
        null,
        null,
        null,
        null,
        null,
        null,
        null,
        null,
        null,
        null,
        null,
        null,
        null,
        null,
        null,
        null,
        null,
        null,
        null,
        null,
        null,
        null,
        null,
        null,
        null,
        null
      ],
      "/Users/jon/code/fastlane/fastlane/fastlane/lib/fastlane/actions/carthage.rb": [
        1,
        1,
        1,
        1,
        16,
        null,
        16,
        16,
        16,
        16,
        16,
        16,
        null,
        16,
        null,
        null,
        1,
        9,
        null,
        null,
        1,
        null,
        null,
        null,
        null,
        null,
        null,
        null,
        3,
        49,
        null,
        null,
        null,
        null,
        null,
        null,
        3,
        null,
        null,
        null,
        null,
        null,
        null,
        null,
        2,
        null,
        null,
        null,
        null,
        null,
        null,
        null,
        2,
        null,
        null,
        null,
        null,
        null,
        null,
        null,
        2,
        null,
        null,
        null,
        null,
        null,
        null,
        5,
        null,
        null,
        null,
        null,
        1,
        2,
        null,
        null,
        1,
        4,
        null,
        null,
        null,
        null
      ],
      "/Users/jon/code/fastlane/fastlane/fastlane/lib/fastlane/actions/cert.rb": [
        1,
        1,
        1,
        1,
        1,
        null,
        null,
        1,
        1,
        0,
        null,
        0,
        null,
        0,
        null,
        0,
        0,
        null,
        0,
        0,
        0,
        0,
        0,
        null,
        0,
        null,
        0,
        null,
        0,
        null,
        null,
        null,
        1,
        9,
        null,
        null,
        1,
        5,
        5,
        null,
        null,
        1,
        4,
        null,
        null,
        1,
        2,
        null,
        null,
        null,
        null
      ],
      "/Users/jon/code/fastlane/fastlane/fastlane/lib/fastlane/actions/changelog_from_git_commits.rb": [
        1,
        1,
        1,
        1,
        null,
        null,
        1,
        1,
        4,
        1,
        null,
        3,
        3,
        3,
        null,
        null,
        4,
        null,
        4,
        4,
        4,
        null,
        4,
        null,
        null,
        null,
        null,
        null,
        null,
        1,
        9,
        null,
        null,
        1,
        4,
        null,
        null,
        1,
        4,
        null,
        null,
        1,
        null,
        null,
        null,
        null,
        null,
        null,
        null,
        3,
        2,
        17,
        null,
        null,
        null,
        null,
        null,
        null,
        null,
        null,
        null,
        null,
        null,
        null,
        null,
        null,
        null,
        1,
        2,
        null,
        null,
        1,
        4,
        null,
        null,
        1,
        2,
        null,
        null,
        null,
        null
      ],
      "/Users/jon/code/fastlane/fastlane/fastlane/lib/fastlane/actions/chatwork.rb": [
        1,
        1,
        1,
        null,
        null,
        1,
        1,
        0,
        0,
        null,
        0,
        null,
        0,
        0,
        0,
        null,
        0,
        0,
        0,
        null,
        null,
        null,
        0,
        0,
        null,
        0,
        null,
        0,
        0,
        0,
        null,
        null,
        null,
        1,
        9,
        null,
        null,
        1,
        null,
        null,
        null,
        null,
        null,
        0,
        0,
        0,
        null,
        5,
        null,
        null,
        null,
        null,
        null,
        null,
        null,
        null,
        null,
        null,
        null,
        null,
        null,
        null,
        null,
        null,
        1,
        4,
        null,
        null,
        1,
        2,
        null,
        null,
        null,
        null
      ],
      "/Users/jon/code/fastlane/fastlane/fastlane/lib/fastlane/actions/clean_build_artifacts.rb": [
        1,
        1,
        1,
        1,
        0,
        null,
        null,
        null,
        null,
        0,
        0,
        null,
        0,
        0,
        0,
        null,
        null,
        0,
        0,
        null,
        null,
        0,
        null,
        null,
        1,
        null,
        null,
        null,
        null,
        null,
        5,
        null,
        null,
        null,
        1,
        9,
        null,
        null,
        1,
        4,
        null,
        null,
        1,
        2,
        null,
        null,
        null,
        null
      ],
      "/Users/jon/code/fastlane/fastlane/fastlane/lib/fastlane/actions/clean_cocoapods_cache.rb": [
        1,
        1,
        1,
        1,
        2,
        null,
        2,
        null,
        2,
        2,
        null,
        2,
        null,
        null,
        1,
        9,
        null,
        null,
        1,
        null,
        null,
        null,
        null,
        null,
        null,
        null,
        2,
        11,
        null,
        null,
        null,
        1,
        4,
        null,
        null,
        1,
        2,
        null,
        null,
        null,
        null
      ],
      "/Users/jon/code/fastlane/fastlane/fastlane/lib/fastlane/actions/clear_derived_data.rb": [
        1,
        1,
        1,
        1,
        0,
        0,
        0,
        0,
        null,
        null,
        null,
        null,
        null,
        null,
        1,
        9,
        null,
        null,
        1,
        4,
        null,
        null,
        1,
        null,
        null,
        null,
        null,
        5,
        null,
        null,
        null,
        1,
        null,
        null,
        1,
        4,
        null,
        null,
        1,
        2,
        null,
        null,
        null,
        null
      ],
      "/Users/jon/code/fastlane/fastlane/fastlane/lib/fastlane/actions/clipboard.rb": [
        1,
        1,
        1,
        1,
        1,
        null,
        1,
        null,
        null,
        null,
        null,
        null,
        null,
        1,
        9,
        null,
        null,
        1,
        null,
        null,
        null,
        8,
        null,
        null,
        null,
        1,
        4,
        null,
        null,
        1,
        2,
        null,
        null,
        null,
        null
      ],
      "/Users/jon/code/fastlane/fastlane/fastlane/lib/fastlane/actions/cocoapods.rb": [
        1,
        1,
        1,
        1,
        10,
        10,
        null,
        10,
        2,
        1,
        null,
        1,
        null,
        2,
        null,
        null,
        10,
        10,
        null,
        10,
        10,
        10,
        10,
        10,
        10,
        null,
        10,
        null,
        null,
        1,
        9,
        null,
        null,
        1,
        null,
        null,
        null,
        null,
        null,
        25,
        null,
        null,
        null,
        null,
        null,
        null,
        null,
        null,
        null,
        null,
        null,
        null,
        null,
        null,
        null,
        null,
        null,
        null,
        null,
        null,
        null,
        null,
        null,
        null,
        null,
        null,
        null,
        null,
        null,
        null,
        null,
        null,
        null,
        null,
        null,
        null,
        2,
        null,
        null,
        null,
        null,
        1,
        2,
        null,
        null,
        1,
        4,
        null,
        null,
        null,
        null
      ],
      "/Users/jon/code/fastlane/fastlane/fastlane/lib/fastlane/actions/commit_version_bump.rb": [
        null,
        1,
        1,
        null,
        1,
        1,
        0,
        0,
        0,
        0,
        null,
        0,
        null,
        null,
        0,
        0,
        null,
        0,
        null,
        0,
        null,
        null,
        0,
        null,
        null,
        0,
        null,
        null,
        0,
        0,
        0,
        null,
        null,
        null,
        0,
        null,
        null,
        null,
        0,
        0,
        null,
        null,
        null,
        0,
        0,
        0,
        null,
        0,
        null,
        0,
        null,
        0,
        null,
        0,
        null,
        null,
        null,
        null,
        0,
        0,
        0,
        0,
        null,
        null,
        0,
        null,
        null,
        0,
        null,
        null,
        0,
        0,
        0,
        0,
        null,
        null,
        null,
        null,
        null,
        null,
        null,
        0,
        null,
        null,
        null,
        0,
        0,
        null,
        null,
        null,
        0,
        0,
        null,
        null,
        null,
        0,
        null,
        0,
        0,
        null,
        0,
        null,
        0,
        null,
        0,
        0,
        0,
        0,
        null,
        null,
        null,
        1,
        9,
        null,
        null,
        1,
        null,
        null,
        null,
        null,
        5,
        null,
        null,
        null,
        null,
        null,
        0,
        0,
        null,
        null,
        null,
        null,
        null,
        null,
        null,
        null,
        null,
        null,
        null,
        null,
        null,
        null,
        null,
        null,
        1,
        4,
        null,
        null,
        1,
        2,
        null,
        null,
        null,
        null,
        null
      ],
      "/Users/jon/code/fastlane/fastlane/fastlane/lib/fastlane/actions/copy_artifacts.rb": [
        1,
        1,
        1,
        1,
        null,
        0,
        0,
        null,
        null,
        0,
        0,
        0,
        0,
        0,
        0,
        null,
        0,
        null,
        null,
        0,
        null,
        null,
        0,
        null,
        0,
        null,
        null,
        null,
        null,
        null,
        null,
        1,
        9,
        null,
        null,
        1,
        null,
        null,
        null,
        null,
        null,
        5,
        null,
        null,
        null,
        null,
        null,
        null,
        null,
        null,
        null,
        null,
        null,
        null,
        null,
        null,
        null,
        null,
        null,
        null,
        1,
        4,
        null,
        null,
        1,
        2,
        null,
        null,
        null,
        null
      ],
      "/Users/jon/code/fastlane/fastlane/fastlane/lib/fastlane/actions/crashlytics.rb": [
        1,
        1,
        1,
        1,
        13,
        13,
        null,
        13,
        null,
        null,
        11,
        2,
        null,
        2,
        null,
        0,
        null,
        0,
        null,
        null,
        null,
        11,
        9,
        null,
        1,
        null,
        1,
        null,
        null,
        9,
        9,
        9,
        null,
        9,
        null,
        0,
        null,
        null,
        1,
        9,
        null,
        null,
        1,
        null,
        null,
        null,
        null,
        null,
        null,
        null,
        null,
        12,
        35,
        null,
        null,
        null,
        null,
        null,
        null,
        null,
        1,
        null,
        null,
        null,
        null,
        null,
        null,
        null,
        null,
        14,
        null,
        null,
        null,
        null,
        null,
        14,
        null,
        null,
        null,
        null,
        null,
        14,
        null,
        null,
        null,
        null,
        null,
        null,
        3,
        null,
        null,
        null,
        null,
        null,
        null,
        null,
        null,
        null,
        null,
        null,
        null,
        null,
        null,
        null,
        null,
        null,
        null,
        null,
        null,
        null,
        null,
        null,
        null,
        null,
        null,
        null,
        null,
        null,
        null,
        1,
        2,
        null,
        null,
        1,
        4,
        null,
        null,
        null,
        null
      ],
      "/Users/jon/code/fastlane/fastlane/fastlane/lib/fastlane/actions/create_keychain.rb": [
        1,
        null,
        1,
        1,
        1,
        1,
        null,
        null,
        1,
        1,
        6,
        6,
        null,
        6,
        6,
        null,
        6,
        2,
        2,
        null,
        null,
        6,
        null,
        6,
        6,
        6,
        6,
        6,
        null,
        6,
        null,
        6,
        5,
        5,
        5,
        null,
        null,
        6,
        null,
        null,
        1,
        9,
        null,
        null,
        1,
        null,
        null,
        null,
        null,
        17,
        null,
        null,
        null,
        null,
        null,
        null,
        null,
        null,
        null,
        null,
        null,
        null,
        null,
        null,
        null,
        null,
        null,
        null,
        null,
        null,
        null,
        null,
        null,
        null,
        null,
        null,
        null,
        null,
        null,
        null,
        null,
        1,
        4,
        null,
        null,
        1,
        2,
        null,
        null,
        null,
        null
      ],
      "/Users/jon/code/fastlane/fastlane/fastlane/lib/fastlane/actions/create_pull_request.rb": [
        1,
        1,
        1,
        1,
        null,
        null,
        1,
        1,
        0,
        0,
        null,
        0,
        null,
        0,
        0,
        0,
        null,
        0,
        null,
        null,
        null,
        null,
        null,
        0,
        null,
        0,
        null,
        0,
        0,
        0,
        0,
        0,
        null,
        0,
        null,
        0,
        0,
        null,
        null,
        null,
        null,
        null,
        null,
        null,
        null,
        1,
        9,
        null,
        null,
        1,
        null,
        null,
        null,
        null,
        null,
        5,
        null,
        null,
        null,
        null,
        null,
        null,
        null,
        null,
        null,
        null,
        null,
        null,
        null,
        null,
        null,
        null,
        null,
        null,
        null,
        null,
        null,
        null,
        null,
        null,
        null,
        null,
        null,
        null,
        null,
        null,
        1,
        4,
        null,
        null,
        1,
        2,
        null,
        null,
        null,
        null
      ],
      "/Users/jon/code/fastlane/fastlane/fastlane/lib/fastlane/actions/debug.rb": [
        1,
        1,
        1,
        1,
        0,
        0,
        null,
        null,
        1,
        9,
        null,
        null,
        1,
        2,
        null,
        null,
        1,
        4,
        null,
        null,
        null,
        null
      ],
      "/Users/jon/code/fastlane/fastlane/fastlane/lib/fastlane/actions/default_platform.rb": [
        1,
        1,
        1,
        1,
        null,
        null,
        1,
        1,
        26,
        null,
        25,
        null,
        25,
        null,
        24,
        null,
        null,
        1,
        9,
        null,
        null,
        1,
        4,
        null,
        null,
        1,
        2,
        null,
        null,
        null,
        null
      ],
      "/Users/jon/code/fastlane/fastlane/fastlane/lib/fastlane/actions/delete_keychain.rb": [
        1,
        null,
        1,
        1,
        1,
        1,
        2,
        2,
        2,
        null,
        null,
        1,
        9,
        null,
        null,
        1,
        null,
        null,
        null,
        null,
        9,
        null,
        null,
        null,
        1,
        4,
        null,
        null,
        1,
        2,
        null,
        null,
        null,
        null
      ],
      "/Users/jon/code/fastlane/fastlane/fastlane/lib/fastlane/actions/deliver.rb": [
        1,
        1,
        1,
        null,
        null,
        1,
        1,
        3,
        null,
        3,
        3,
        null,
        3,
        3,
        3,
        null,
        2,
        0,
        null,
        3,
        null,
        null,
        null,
        1,
        11,
        null,
        null,
        1,
        12,
        12,
        12,
        null,
        null,
        1,
        5,
        null,
        null,
        1,
        4,
        null,
        null,
        null,
        null
      ],
      "/Users/jon/code/fastlane/fastlane/fastlane/lib/fastlane/actions/deploygate.rb": [
        null,
        1,
        null,
        null,
        1,
        1,
        1,
        1,
        1,
        1,
        null,
        null,
        1,
        1,
        null,
        1,
        2,
        null,
        null,
        1,
        5,
        5,
        null,
        null,
        5,
        null,
        5,
        null,
        null,
        null,
        null,
        2,
        null,
        0,
        0,
        0,
        0,
        null,
        0,
        null,
        null,
        null,
        1,
        0,
        null,
        0,
        0,
        0,
        0,
        null,
        0,
        0,
        null,
        0,
        0,
        0,
        null,
        null,
        0,
        0,
        null,
        0,
        null,
        1,
        null,
        1,
        0,
        null,
        null,
        0,
        null,
        0,
        null,
        0,
        null,
        0,
        null,
        1,
        null,
        1,
        9,
        null,
        null,
        1,
        null,
        null,
        null,
        null,
        null,
        6,
        17,
        null,
        null,
        null,
        null,
        5,
        null,
        null,
        null,
        null,
        null,
        null,
        4,
        null,
        null,
        null,
        null,
        null,
        null,
        null,
        null,
        1,
        null,
        4,
        null,
        null,
        null,
        null,
        null,
        1,
        4,
        null,
        null,
        null,
        null
      ],
      "/Users/jon/code/fastlane/fastlane/fastlane/lib/fastlane/actions/dotgpg_environment.rb": [
        1,
        1,
        1,
        null,
        null,
        1,
        1,
        0,
        0,
        null,
        0,
        0,
        null,
        null,
        1,
        9,
        null,
        null,
        1,
        4,
        null,
        null,
        1,
        null,
        null,
        null,
        null,
        null,
        null,
        null,
        0,
        5,
        null,
        null,
        null,
        1,
        4,
        null,
        null,
        1,
        2,
        null,
        null,
        null,
        null
      ],
      "/Users/jon/code/fastlane/fastlane/fastlane/lib/fastlane/actions/download.rb": [
        1,
        1,
        1,
        1,
        null,
        null,
        1,
        1,
        2,
        null,
        2,
        2,
        1,
        1,
        null,
        null,
        null,
        1,
        1,
        1,
        null,
        null,
        null,
        null,
        null,
        null,
        null,
        1,
        9,
        null,
        null,
        1,
        null,
        null,
        null,
        null,
        4,
        null,
        null,
        1,
        null,
        null,
        null,
        null,
        null,
        2,
        9,
        null,
        null,
        null,
        1,
        null,
        4,
        null,
        null,
        null,
        1,
        4,
        null,
        null,
        1,
        2,
        null,
        null,
        null,
        null
      ],
      "/Users/jon/code/fastlane/fastlane/fastlane/lib/fastlane/actions/dsym_zip.rb": [
        1,
        null,
        1,
        1,
        1,
        1,
        null,
        null,
        1,
        1,
        3,
        3,
        null,
        3,
        3,
        null,
        3,
        null,
        3,
        0,
        null,
        3,
        3,
        3,
        3,
        null,
        null,
        null,
        null,
        null,
        null,
        null,
        1,
        2,
        null,
        null,
        1,
        9,
        null,
        null,
        1,
        null,
        null,
        null,
        null,
        null,
        null,
        null,
        3,
        11,
        null,
        null,
        null,
        null,
        null,
        null,
        null,
        null,
        null,
        null,
        null,
        null,
        null,
        1,
        null,
        4,
        null,
        null,
        null,
        1,
        4,
        null,
        null,
        null,
        null
      ],
      "/Users/jon/code/fastlane/fastlane/fastlane/lib/fastlane/actions/ensure_git_branch.rb": [
        1,
        1,
        1,
        null,
        null,
        null,
        1,
        1,
        0,
        0,
        0,
        0,
        null,
        0,
        null,
        null,
        null,
        null,
        null,
        null,
        null,
        1,
        9,
        null,
        null,
        1,
        null,
        null,
        null,
        null,
        null,
        5,
        null,
        null,
        null,
        1,
        4,
        null,
        null,
        1,
        4,
        null,
        null,
        1,
        2,
        null,
        null,
        null,
        null
      ],
      "/Users/jon/code/fastlane/fastlane/fastlane/lib/fastlane/actions/ensure_git_status_clean.rb": [
        1,
        1,
        1,
        1,
        null,
        null,
        null,
        1,
        1,
        0,
        null,
        0,
        0,
        0,
        null,
        0,
        null,
        null,
        null,
        1,
        9,
        null,
        null,
        1,
        null,
        4,
        null,
        null,
        null,
        1,
        4,
        null,
        null,
        1,
        2,
        null,
        null,
        null,
        null
      ],
      "/Users/jon/code/fastlane/fastlane/fastlane/lib/fastlane/actions/ensure_no_debug_code.rb": [
        1,
        1,
        1,
        1,
        1,
        1,
        null,
        0,
        0,
        null,
        null,
        null,
        null,
        null,
        0,
        0,
        0,
        0,
        0,
        0,
        null,
        null,
        0,
        null,
        null,
        null,
        0,
        0,
        null,
        null,
        null,
        null,
        null,
        null,
        1,
        9,
        null,
        null,
        1,
        null,
        null,
        null,
        null,
        4,
        null,
        null,
        1,
        null,
        null,
        null,
        7,
        null,
        null,
        null,
        null,
        null,
        1,
        null,
        null,
        null,
        null,
        null,
        null,
        1,
        null,
        null,
        null,
        null,
        1,
        4,
        null,
        null,
        1,
        4,
        null,
        null,
        1,
        2,
        null,
        null,
        null,
        null
      ],
      "/Users/jon/code/fastlane/fastlane/fastlane/lib/fastlane/actions/fastlane_version.rb": [
        1,
        1,
        1,
        null,
        null,
        1,
        1,
        3,
        3,
        3,
        null,
        3,
        null,
        2,
        1,
        null,
        null,
        1,
        null,
        null,
        1,
        3,
        null,
        null,
        1,
        4,
        null,
        null,
        1,
        9,
        null,
        null,
        1,
        2,
        null,
        null,
        null,
        null
      ],
      "/Users/jon/code/fastlane/fastlane/fastlane/lib/fastlane/actions/frameit.rb": [
        1,
        1,
        1,
        1,
        1,
        null,
        0,
        null,
        0,
        0,
        0,
        0,
        null,
        0,
        null,
        0,
        0,
        0,
        0,
        null,
        null,
        0,
        null,
        null,
        null,
        1,
        9,
        null,
        null,
        1,
        null,
        null,
        null,
        null,
        null,
        7,
        null,
        null,
        null,
        null,
        null,
        null,
        null,
        null,
        null,
        null,
        null,
        null,
        null,
        0,
        0,
        0,
        null,
        null,
        null,
        null,
        null,
        1,
        4,
        null,
        null,
        1,
        4,
        null,
        null,
        null,
        null
      ],
      "/Users/jon/code/fastlane/fastlane/fastlane/lib/fastlane/actions/gcovr.rb": [
        1,
        1,
        null,
        null,
        null,
        null,
        null,
        null,
        null,
        null,
        null,
        null,
        null,
        null,
        null,
        null,
        null,
        null,
        null,
        null,
        null,
        null,
        null,
        null,
        1,
        1,
        null,
        null,
        null,
        null,
        null,
        null,
        null,
        null,
        null,
        null,
        null,
        null,
        null,
        null,
        null,
        null,
        null,
        null,
        null,
        null,
        null,
        null,
        null,
        1,
        2,
        null,
        null,
        1,
        2,
        0,
        null,
        null,
        null,
        2,
        null,
        null,
        2,
        2,
        null,
        null,
        2,
        2,
        null,
        null,
        null,
        2,
        null,
        0,
        null,
        null,
        null,
        2,
        null,
        2,
        2,
        2,
        2,
        null,
        null,
        1,
        2,
        null,
        null,
        2,
        1,
        null,
        null,
        null,
        1,
        null,
        24,
        null,
        null,
        null,
        22,
        22,
        22,
        22,
        22,
        null,
        2,
        null,
        null,
        1,
        9,
        null,
        null,
        1,
        null,
        7,
        null,
        null,
        null,
        null,
        null,
        null,
        null,
        null,
        null,
        null,
        null,
        null,
        null,
        null,
        null,
        null,
        null,
        null,
        null,
        null,
        null,
        null,
        null,
        1,
        4,
        null,
        null,
        null,
        null
      ],
      "/Users/jon/code/fastlane/fastlane/fastlane/lib/fastlane/actions/get_build_number.rb": [
        1,
        1,
        1,
        1,
        null,
        1,
        null,
        null,
        null,
        1,
        null,
        1,
        null,
        null,
        null,
        null,
        null,
        1,
        null,
        null,
        null,
        null,
        null,
        null,
        1,
        1,
        null,
        0,
        null,
        null,
        0,
        null,
        null,
        0,
        0,
        null,
        null,
        null,
        null,
        null,
        null,
        1,
        9,
        null,
        null,
        1,
        null,
        null,
        null,
        null,
        4,
        null,
        null,
        1,
        null,
        null,
        null,
        null,
        null,
        null,
        2,
        1,
        9,
        null,
        null,
        null,
        1,
        null,
        4,
        null,
        null,
        null,
        1,
        4,
        null,
        null,
        1,
        2,
        null,
        null,
        null,
        null
      ],
      "/Users/jon/code/fastlane/fastlane/fastlane/lib/fastlane/actions/get_github_release.rb": [
        1,
        1,
        1,
        1,
        null,
        null,
        1,
        1,
        2,
        2,
        2,
        2,
        2,
        2,
        null,
        2,
        null,
        0,
        0,
        null,
        0,
        0,
        null,
        2,
        0,
        0,
        null,
        null,
        null,
        2,
        2,
        31,
        null,
        null,
        1,
        1,
        1,
        null,
        null,
        1,
        null,
        null,
        null,
        null,
        null,
        null,
        null,
        1,
        9,
        null,
        null,
        1,
        4,
        null,
        null,
        null,
        null,
        null,
        null,
        null,
        null,
        null,
        null,
        null,
        null,
        null,
        null,
        null,
        null,
        null,
        null,
        null,
        null,
        null,
        null,
        null,
        null,
        null,
        null,
        null,
        null,
        null,
        null,
        null,
        null,
        null,
        null,
        null,
        null,
        null,
        null,
        null,
        null,
        4,
        null,
        null,
        1,
        null,
        4,
        null,
        null,
        null,
        1,
        null,
        null,
        null,
        null,
        null,
        2,
        2,
        9,
        null,
        null,
        null,
        null,
        null,
        null,
        null,
        null,
        null,
        null,
        1,
        4,
        null,
        null,
        1,
        2,
        null,
        null,
        null,
        null
      ],
      "/Users/jon/code/fastlane/fastlane/fastlane/lib/fastlane/actions/get_info_plist_value.rb": [
        1,
        1,
        1,
        1,
        null,
        null,
        1,
        1,
        3,
        null,
        3,
        3,
        3,
        null,
        3,
        3,
        null,
        3,
        0,
        0,
        0,
        null,
        null,
        null,
        1,
        9,
        null,
        null,
        1,
        null,
        null,
        null,
        null,
        11,
        null,
        null,
        null,
        null,
        null,
        3,
        null,
        null,
        null,
        null,
        1,
        null,
        4,
        null,
        null,
        null,
        1,
        4,
        null,
        null,
        1,
        2,
        null,
        null,
        null,
        null
      ],
      "/Users/jon/code/fastlane/fastlane/fastlane/lib/fastlane/actions/get_version_number.rb": [
        1,
        1,
        1,
        1,
        null,
        1,
        null,
        null,
        null,
        1,
        null,
        1,
        null,
        null,
        null,
        null,
        null,
        1,
        null,
        null,
        null,
        null,
        null,
        null,
        1,
        1,
        null,
        null,
        0,
        null,
        null,
        0,
        null,
        null,
        0,
        0,
        null,
        null,
        null,
        null,
        null,
        null,
        1,
        9,
        null,
        null,
        1,
        null,
        null,
        null,
        null,
        4,
        null,
        null,
        1,
        null,
        null,
        null,
        null,
        null,
        null,
        2,
        1,
        9,
        null,
        null,
        null,
        1,
        null,
        4,
        null,
        null,
        null,
        1,
        4,
        null,
        null,
        1,
        2,
        null,
        null,
        null,
        null
      ],
      "/Users/jon/code/fastlane/fastlane/fastlane/lib/fastlane/actions/git_branch.rb": [
        1,
        1,
        1,
        null,
        null,
        1,
        1,
        0,
        null,
        null,
        null,
        null,
        null,
        null,
        1,
        9,
        null,
        null,
        1,
        4,
        null,
        null,
        1,
        5,
        null,
        null,
        1,
        4,
        null,
        null,
        1,
        4,
        null,
        null,
        1,
        2,
        null,
        null,
        null,
        null
      ],
      "/Users/jon/code/fastlane/fastlane/fastlane/lib/fastlane/actions/git_commit.rb": [
        1,
        1,
        1,
        1,
        2,
        1,
        null,
        1,
        null,
        null,
        2,
        2,
        2,
        null,
        null,
        null,
        null,
        null,
        null,
        1,
        9,
        null,
        null,
        1,
        4,
        null,
        null,
        1,
        null,
        null,
        null,
        null,
        null,
        2,
        1,
        null,
        1,
        2,
        null,
        null,
        9,
        null,
        null,
        null,
        null,
        null,
        1,
        null,
        null,
        1,
        null,
        null,
        null,
        1,
        4,
        null,
        null,
        1,
        2,
        null,
        null,
        null,
        null
      ],
      "/Users/jon/code/fastlane/fastlane/fastlane/lib/fastlane/actions/git_pull.rb": [
        1,
        1,
        1,
        1,
        0,
        null,
        null,
        null,
        null,
        null,
        0,
        0,
        null,
        null,
        1,
        9,
        null,
        null,
        1,
        null,
        5,
        null,
        null,
        1,
        4,
        null,
        null,
        1,
        2,
        null,
        null,
        null,
        null
      ],
      "/Users/jon/code/fastlane/fastlane/fastlane/lib/fastlane/actions/gradle.rb": [
        1,
        1,
        1,
        1,
        1,
        null,
        null,
        1,
        1,
        1,
        null,
        1,
        null,
        1,
        null,
        1,
        null,
        null,
        0,
        0,
        0,
        0,
        0,
        0,
        null,
        0,
        0,
        0,
        0,
        null,
        null,
        0,
        null,
        null,
        0,
        null,
        null,
        null,
        null,
        null,
        null,
        1,
        9,
        null,
        null,
        1,
        null,
        null,
        4,
        null,
        null,
        1,
        null,
        null,
        null,
        null,
        7,
        null,
        null,
        null,
        null,
        null,
        null,
        null,
        null,
        null,
        null,
        null,
        1,
        null,
        null,
        null,
        null,
        1,
        null,
        4,
        null,
        null,
        null,
        1,
        2,
        null,
        null,
        1,
        4,
        null,
        null,
        1,
        2,
        null,
        null,
        null,
        null
      ],
      "/Users/jon/code/fastlane/fastlane/fastlane/lib/fastlane/actions/gym.rb": [
        1,
        1,
        1,
        1,
        1,
        null,
        null,
        1,
        1,
        0,
        null,
        0,
        0,
        null,
        0,
        0,
        0,
        null,
        null,
        0,
        null,
        0,
        0,
        null,
        0,
        0,
        0,
        0,
        null,
        0,
        null,
        0,
        null,
        null,
        null,
        1,
        9,
        null,
        null,
        1,
        4,
        null,
        null,
        1,
        2,
        null,
        null,
        1,
        4,
        null,
        null,
        1,
        5,
        5,
        null,
        null,
        1,
        2,
        null,
        null,
        null,
        null
      ],
      "/Users/jon/code/fastlane/fastlane/fastlane/lib/fastlane/actions/hg_add_tag.rb": [
        1,
        1,
        null,
        1,
        1,
        1,
        null,
        1,
        null,
        1,
        1,
        null,
        0,
        null,
        null,
        1,
        9,
        null,
        null,
        1,
        null,
        null,
        null,
        7,
        null,
        null,
        null,
        1,
        null,
        4,
        null,
        null,
        1,
        2,
        null,
        null,
        null,
        null
      ],
      "/Users/jon/code/fastlane/fastlane/fastlane/lib/fastlane/actions/hg_commit_version_bump.rb": [
        null,
        1,
        1,
        null,
        1,
        1,
        4,
        4,
        4,
        4,
        null,
        4,
        null,
        4,
        4,
        null,
        null,
        null,
        4,
        4,
        null,
        4,
        null,
        4,
        0,
        null,
        null,
        null,
        0,
        null,
        null,
        0,
        null,
        null,
        0,
        0,
        0,
        null,
        null,
        null,
        0,
        null,
        null,
        null,
        4,
        4,
        4,
        null,
        0,
        0,
        null,
        null,
        null,
        0,
        0,
        0,
        null,
        0,
        null,
        0,
        null,
        0,
        null,
        0,
        null,
        null,
        null,
        null,
        0,
        0,
        0,
        0,
        null,
        null,
        0,
        null,
        null,
        null,
        4,
        null,
        null,
        3,
        3,
        3,
        3,
        1,
        0,
        null,
        null,
        null,
        null,
        null,
        null,
        0,
        null,
        null,
        null,
        null,
        3,
        3,
        0,
        0,
        null,
        0,
        0,
        0,
        0,
        null,
        null,
        null,
        1,
        9,
        null,
        null,
        1,
        null,
        null,
        null,
        null,
        13,
        null,
        null,
        null,
        null,
        null,
        0,
        0,
        null,
        null,
        null,
        null,
        null,
        null,
        null,
        null,
        null,
        null,
        null,
        null,
        null,
        null,
        null,
        null,
        null,
        null,
        null,
        null,
        1,
        null,
        4,
        null,
        null,
        1,
        2,
        null,
        null,
        null,
        null,
        null
      ],
      "/Users/jon/code/fastlane/fastlane/fastlane/lib/fastlane/actions/hg_ensure_clean_status.rb": [
        1,
        1,
        1,
        1,
        null,
        null,
        1,
        1,
        0,
        null,
        0,
        0,
        0,
        null,
        0,
        null,
        null,
        null,
        1,
        9,
        null,
        null,
        1,
        null,
        4,
        null,
        null,
        null,
        1,
        null,
        4,
        null,
        null,
        1,
        2,
        null,
        null,
        null,
        null
      ],
      "/Users/jon/code/fastlane/fastlane/fastlane/lib/fastlane/actions/hg_push.rb": [
        1,
        1,
        null,
        1,
        1,
        2,
        null,
        2,
        2,
        null,
        2,
        null,
        0,
        0,
        null,
        null,
        1,
        9,
        null,
        null,
        1,
        null,
        null,
        null,
        null,
        null,
        9,
        null,
        null,
        null,
        null,
        null,
        null,
        null,
        null,
        1,
        null,
        4,
        null,
        null,
        1,
        2,
        null,
        null,
        null,
        null
      ],
      "/Users/jon/code/fastlane/fastlane/fastlane/lib/fastlane/actions/hipchat.rb": [
        1,
        1,
        1,
        null,
        null,
        1,
        1,
        0,
        0,
        null,
        0,
        0,
        0,
        null,
        0,
        null,
        0,
        0,
        null,
        0,
        null,
        0,
        0,
        0,
        null,
        null,
        0,
        null,
        0,
        0,
        null,
        0,
        0,
        null,
        null,
        null,
        null,
        null,
        null,
        null,
        0,
        null,
        null,
        null,
        0,
        0,
        0,
        0,
        null,
        null,
        0,
        0,
        0,
        null,
        0,
        0,
        null,
        0,
        0,
        null,
        null,
        null,
        null,
        null,
        null,
        0,
        null,
        null,
        null,
        null,
        1,
        0,
        null,
        null,
        1,
        0,
        null,
        0,
        null,
        0,
        null,
        0,
        null,
        0,
        null,
        null,
        null,
        1,
        9,
        null,
        null,
        1,
        null,
        null,
        null,
        null,
        5,
        null,
        null,
        null,
        null,
        null,
        null,
        null,
        0,
        0,
        0,
        null,
        null,
        null,
        null,
        null,
        null,
        null,
        null,
        null,
        null,
        null,
        null,
        0,
        0,
        0,
        null,
        null,
        null,
        null,
        null,
        null,
        null,
        null,
        null,
        null,
        null,
        null,
        null,
        null,
        null,
        null,
        null,
        null,
        null,
        0,
        0,
        0,
        null,
        null,
        null,
        null,
        null,
        null,
        null,
        null,
        null,
        null,
        1,
        4,
        null,
        null,
        1,
        2,
        null,
        null,
        null,
        null
      ],
      "/Users/jon/code/fastlane/fastlane/fastlane/lib/fastlane/actions/hockey.rb": [
        null,
        1,
        null,
        null,
        1,
        1,
        1,
        1,
        1,
        null,
        null,
        1,
        1,
        null,
        null,
        11,
        11,
        null,
        11,
        1,
        null,
        10,
        9,
        9,
        null,
        0,
        0,
        null,
        null,
        null,
        10,
        null,
        9,
        null,
        9,
        null,
        9,
        9,
        9,
        null,
        9,
        null,
        0,
        0,
        null,
        0,
        0,
        null,
        0,
        null,
        0,
        0,
        null,
        0,
        0,
        null,
        0,
        null,
        null,
        null,
        1,
        9,
        null,
        null,
        1,
        null,
        null,
        null,
        null,
        null,
        12,
        29,
        null,
        null,
        null,
        null,
        null,
        12,
        null,
        null,
        null,
        null,
        null,
        null,
        null,
        null,
        null,
        null,
        null,
        null,
        null,
        null,
        null,
        null,
        null,
        null,
        null,
        null,
        null,
        null,
        null,
        null,
        null,
        null,
        null,
        null,
        null,
        null,
        null,
        null,
        null,
        null,
        null,
        null,
        null,
        null,
        null,
        null,
        null,
        null,
        null,
        null,
        null,
        null,
        null,
        null,
        null,
        null,
        null,
        null,
        null,
        null,
        null,
        null,
        null,
        null,
        null,
        null,
        null,
        null,
        null,
        null,
        null,
        null,
        null,
        null,
        null,
        1,
        null,
        4,
        null,
        null,
        null,
        null,
        1,
        4,
        null,
[...]
        1,
        null,
        null,
        1,
        1,
        null,
        null,
        null,
        null,
        null,
        null,
        null,
        null,
        null,
        null,
        null,
        null,
        null,
        1,
        null,
        null,
        null,
        null,
        null,
        null,
        null,
        null,
        null,
        null,
        1,
        null,
        null,
        null,
        null,
        null,
        null,
        1,
        null,
        1,
        null,
        null,
        1,
        1,
        8,
        8,
        8,
        null,
        null,
        1,
        8,
        8,
        8,
        null,
        null,
        1,
        1,
        null,
        null,
        null,
        null,
        null,
        1,
        null,
        null,
        null,
        null,
        null,
        null,
        null,
        null,
        null,
        null,
        1,
        1,
        1,
        1,
        null,
        null,
        null,
        null,
        null,
        null,
        1,
        null,
        null,
        null,
        null,
        null,
        null,
        null,
        null,
        null,
        null,
        null,
        1,
        1,
        1,
        null,
        null,
        null,
        null,
        null,
        null,
        null,
        1,
        null,
        null,
        null,
        null,
        null,
        null,
        null,
        null,
        null,
        null,
        null,
        1,
        1,
        1,
        null,
        null,
        null,
        null,
        null,
        null,
        1,
        null,
        null,
        null,
        null,
        null,
        null,
        null,
        null,
        null,
        null,
        1,
        1,
        1,
        null,
        null,
        null,
        null,
        null,
        null,
        null,
        1,
        null,
        null,
        null,
        null,
        null,
        null,
        null,
        null,
        null,
        null,
        1,
        1,
        1,
        null,
        null,
        null,
        null,
        null,
        null,
        null,
        null,
        1,
        null,
        null,
        null,
        null,
        null,
        null,
        null,
        null,
        null,
        null,
        1,
        1,
        1,
        null,
        null,
        null,
        null,
        null,
        null,
        null,
        null,
        null,
        1,
        null,
        null,
        null,
        null,
        null,
        null,
        null,
        1,
        1,
        1,
        null,
        null,
        null,
        1,
        null,
        null,
        null,
        null,
        null,
        1,
        1,
        1,
        null,
        null,
        null,
        null,
        null,
        null,
        1,
        null,
        null,
        null,
        null,
        null,
        null,
        null,
        null,
        null,
        null,
        null,
        1,
        1,
        1,
        null,
        null,
        null,
        null,
        null,
        null,
        null,
        null,
        1,
        null,
        null,
        null,
        null,
        null,
        null,
        null,
        null,
        null,
        null,
        null,
        null,
        null,
        1,
        1,
        1,
        null,
        null,
        null,
        null,
        null,
        null,
        null,
        null,
        null,
        1,
        null,
        null,
        null,
        null,
        null,
        null,
        null,
        null,
        null,
        null,
        null,
        null,
        null,
        1,
        1,
        null,
        null,
        null,
        null,
        null,
        null,
        null,
        null,
        null,
        1,
        null,
        null,
        null,
        null,
        null,
        null,
        null,
        null,
        null,
        null,
        null,
        null,
        null,
        null,
        1,
        1,
        1,
        null,
        null,
        null,
        null,
        null,
        null,
        null,
        null,
        null,
        1,
        null,
        null,
        null,
        null,
        null,
        null,
        null,
        null,
        null,
        null,
        null,
        null,
        null,
        null,
        1,
        1,
        null,
        1,
        null,
        null,
        null,
        null,
        null,
        null,
        null,
        null,
        null,
        1,
        null,
        null,
        null,
        null,
        null,
        null,
        null,
        null,
        null,
        null,
        null,
        null,
        null,
        null,
        1,
        null,
        null,
        1,
        1,
        null,
        null,
        null,
        null,
        null,
        null,
        null,
        null,
        1,
        null,
        null,
        null,
        null,
        null,
        null,
        null,
        null,
        null,
        null,
        null,
        null,
        null,
        null,
        null,
        1,
        1,
        null,
        null,
        null,
        null,
        null,
        null,
        null,
        null,
        null,
        null,
        null,
        null,
        null,
        null,
        null,
        null,
        1,
        null,
        null,
        null,
        null,
        null,
        null,
        null,
        null,
        null,
        null,
        null,
        null,
        null,
        null,
        null,
        null,
        null,
        1,
        1,
        null,
        1,
        null,
        null,
        null,
        null,
        null,
        null,
        null,
        null,
        null,
        null,
        null,
        null,
        null,
        1,
        null,
        null,
        null,
        null,
        null,
        null,
        null,
        null,
        null,
        null,
        null,
        null,
        null,
        null,
        null,
        null,
        1,
        1,
        null,
        1,
        null,
        null,
        null,
        1,
        null,
        null,
        null,
        null,
        null,
        null,
        null,
        null,
        null,
        null,
        null
      ],
      "/Users/jon/code/fastlane/fastlane/fastlane/spec/actions_specs/xctool_action_spec.rb": [
        1,
        1,
        1,
        1,
        1,
        null,
        null,
        null,
        1,
        null,
        null,
        1,
        1,
        null,
        null,
        null,
        1,
        null,
        null,
        1,
        1,
        null,
        null,
        null,
        null,
        null,
        null,
        null,
        null,
        null,
        1,
        null,
        null,
        null,
        null
      ],
      "/Users/jon/code/fastlane/fastlane/fastlane/spec/collector_spec.rb": [
        1,
        1,
        1,
        1,
        null,
        1,
        1,
        1,
        null,
        null,
        null,
        null,
        null,
        null,
        1,
        null,
        1,
        null,
        null,
        null,
        null,
        1,
        1,
        null,
        1,
        null,
        1,
        1,
        1,
        null,
        null,
        null,
        null,
        null,
        null,
        1,
        null,
        1,
        null,
        null,
        null,
        null,
        null
      ],
      "/Users/jon/code/fastlane/fastlane/fastlane/spec/command_line_handler_spec.rb": [
        1,
        null,
        1,
        1,
        1,
        1,
        1,
        null,
        null,
        1,
        1,
        null,
        null,
        1,
        null,
        null,
        1,
        1,
        null,
        null,
        1,
        null,
        null,
        null
      ],
      "/Users/jon/code/fastlane/fastlane/fastlane/spec/docs_generator_spec.rb": [
        1,
        null,
        1,
        1,
        1,
        1,
        1,
        1,
        null,
        1,
        null,
        1,
        1,
        1,
        1,
        1,
        1,
        1,
        1,
        1,
        1,
        1,
        1,
        null,
        null,
        null
      ],
      "/Users/jon/code/fastlane/fastlane/fastlane/lib/fastlane/documentation/docs_generator.rb": [
        1,
        1,
        1,
        2,
        2,
        null,
        2,
        2,
        2,
        2,
        null,
        2,
        null,
        2,
        2,
        null,
        2,
        5,
        null,
        5,
        5,
        null,
        5,
        12,
        10,
        null,
        null,
        5,
        5,
        5,
        null,
        null,
        2,
        2,
        2,
        null,
        2,
        2,
        null,
        null,
        null,
        null,
        null,
        null,
        1,
        3,
        3,
        2,
        null,
        1,
        null,
        null,
        null,
        null,
        null,
        1,
        10,
        null,
        10,
        10,
        10,
        10,
        10,
        10,
        10,
        null,
        null,
        null
      ],
      "/Users/jon/code/fastlane/fastlane/fastlane/spec/erb_template_helper_spec.rb": [
        1,
        1,
        1,
        1,
        1,
        1,
        null,
        null,
        null,
        1,
        1,
        1,
        null,
        null,
        null,
        1,
        1,
        1,
        null,
        null,
        1,
        1,
        null,
        null,
        1,
        null,
        null,
        null,
        null
      ],
      "/Users/jon/code/fastlane/fastlane/fastlane/spec/fast_file_spec.rb": [
        1,
        1,
        1,
        1,
        1,
        1,
        null,
        null,
        null,
        1,
        1,
        1,
        null,
        null,
        null,
        null,
        1,
        1,
        3,
        null,
        null,
        1,
        1,
        null,
        null,
        1,
        1,
        null,
        null,
        1,
        1,
        1,
        null,
        null,
        null,
        null,
        1,
        1,
        5,
        null,
        null,
        1,
        1,
        1,
        null,
        null,
        null,
        1,
        1,
        null,
        null,
        null,
        1,
        1,
        1,
        null,
        null,
        null,
        null,
        1,
        1,
        1,
        null,
        null,
        null,
        null,
        1,
        1,
        1,
        null,
        null,
        null,
        null,
        null,
        1,
        1,
        5,
        null,
        5,
        null,
        null,
        1,
        1,
        null,
        1,
        1,
        1,
        null,
        1,
        null,
        null,
        1,
        1,
        null,
        1,
        1,
        1,
        1,
        null,
        1,
        null,
        null,
        1,
        1,
        1,
        null,
        null,
        1,
        1,
        1,
        1,
        1,
        null,
        1,
        null,
        null,
        1,
        1,
        null,
        1,
        1,
        1,
        1,
        1,
        1,
        null,
        1,
        1,
        null,
        null,
        1,
        1,
        1,
        null,
        null,
        null,
        null,
        1,
        1,
        1,
        1,
        null,
        1,
        1,
        1,
        1,
        1,
        1,
        1,
        null,
        1,
        1,
        null,
        null,
        1,
        1,
        1,
        1,
        null,
        null,
        1,
        1,
        1,
        1,
        null,
        1,
        null,
        null,
        1,
        1,
        1,
        null,
        1,
        null,
        null,
        null,
        1,
        null,
        null,
        1,
        1,
        1,
        null,
        1,
        null,
        null,
        1,
        1,
        1,
        null,
        1,
        null,
        null,
        1,
        1,
        1,
        null,
        1,
        null,
        null,
        1,
        1,
        1,
        null,
        1,
        null,
        null,
        1,
        1,
        1,
        1,
        null,
        null,
        null,
        1,
        1,
        1,
        1,
        null,
        null,
        null,
        null,
        1,
        1,
        1,
        null,
        1,
        1,
        null,
        null,
        1,
        1,
        1,
        null,
        1,
        1,
        1,
        1,
        1,
        1,
        1,
        null,
        1,
        1,
        null,
        null,
        1,
        1,
        null,
        null,
        null,
        1,
        1,
        1,
        null,
        null,
        null,
        1,
        1,
        1,
        null,
        null,
        null,
        null,
        null,
        null,
        null,
        1,
        1,
        1,
        1,
        null,
        null,
        null,
        1,
        1,
        1,
        1,
        null,
        null,
        null,
        1,
        1,
        1,
        null,
        null,
        null,
        1,
        1,
        null,
        null,
        null,
        1,
        null,
        null,
        1,
        1,
        1,
        null,
        1,
        1,
        1,
        null,
        null,
        1,
        1,
        1,
        1,
        1,
        null,
        1,
        null,
        null,
        1,
        1,
        1,
        null,
        null,
        null,
        null,
        null,
        null,
        null,
        null
      ],
      "/Users/jon/code/fastlane/fastlane/fastlane/spec/junit_spec.rb": [
        1,
        1,
        1,
        1,
        1,
        null,
        1,
        null,
        null,
        null,
        null,
        null,
        null,
        null,
        null,
        null,
        null,
        null,
        null,
        null,
        null,
        1,
        1,
        null,
        1,
        1,
        1,
        1,
        null,
        1,
        null,
        null,
        null,
        null
      ],
      "/Users/jon/code/fastlane/fastlane/fastlane/spec/lane_list_spec.rb": [
        1,
        null,
        1,
        1,
        1,
        1,
        null,
        1,
        1,
        1,
        null,
        null,
        null
      ],
      "/Users/jon/code/fastlane/fastlane/fastlane/lib/fastlane/lane_list.rb": [
        1,
        1,
        null,
        1,
        0,
        null,
        0,
        null,
        null,
        1,
        2,
        2,
        null,
        2,
        2,
        null,
        2,
        5,
        null,
        5,
        5,
        5,
        null,
        5,
        5,
        null,
        5,
        12,
        null,
        10,
        10,
        6,
        null,
        4,
        null,
        null,
        null,
        null,
        2,
        null,
        null,
        null
      ],
      "/Users/jon/code/fastlane/fastlane/fastlane/spec/lane_manager_spec.rb": [
        1,
        1,
        1,
        1,
        1,
        1,
        null,
        null,
        1,
        1,
        1,
        null,
        null,
        null,
        1,
        1,
        4,
        null,
        null,
        1,
        1,
        1,
        null,
        null,
        1,
        1,
        1,
        null,
        null,
        null,
        1,
        1,
        1,
        1,
        1,
        1,
        null,
        null,
        1,
        1,
        1,
        1,
        null,
        1,
        null,
        1,
        1,
        1,
        null,
        null,
        null,
        null,
        null
      ],
      "/Users/jon/code/fastlane/fastlane/fastlane/spec/one_off_spec.rb": [
        1,
        null,
        1,
        1,
        1,
        1,
        2,
        2,
        null,
        null,
        1,
        1,
        null,
        1,
        null,
        null,
        null,
        1,
        null,
        null,
        1,
        1,
        null,
        1,
        null,
        null,
        null,
        1,
        null,
        null,
        null,
        null
      ],
      "/Users/jon/code/fastlane/fastlane/fastlane/lib/fastlane/one_off.rb": [
        1,
        null,
        1,
        1,
        2,
        2,
        null,
        2,
        3,
        1,
        1,
        1,
        1,
        1,
        null,
        2,
        null,
        null,
        null,
        2,
        null,
        2,
        2,
        2,
        2,
        null,
        0,
        null,
        null,
        2,
        2,
        null,
        null,
        null
      ],
      "/Users/jon/code/fastlane/fastlane/fastlane/spec/private_public_fastfile_spec.rb": [
        1,
        1,
        1,
        6,
        1,
        5,
        null,
        5,
        null,
        null,
        1,
        1,
        1,
        null,
        null,
        null,
        1,
        1,
        1,
        null,
        null,
        1,
        1,
        1,
        null,
        null,
        1,
        1,
        1,
        1,
        null,
        null,
        1,
        1,
        1,
        1,
        1,
        null,
        1,
        1,
        1,
        null,
        null,
        null,
        null
      ],
      "/Users/jon/code/fastlane/fastlane/fastlane/spec/runner_spec.rb": [
        1,
        1,
        1,
        1,
        4,
        null,
        null,
        1,
        1,
        null,
        null,
        1,
        1,
        null,
        null,
        1,
        1,
        null,
        null,
        1,
        1,
        null,
        null,
        null,
        null
      ],
      "/Users/jon/code/fastlane/fastlane/fastlane/spec/setup_spec.rb": [
        1,
        1,
        1,
        1,
        null,
        null,
        1,
        1,
        null,
        null,
        1,
        2,
        2,
        1,
        1,
        1,
        1,
        null,
        1,
        1,
        null,
        1,
        null,
        1,
        null,
        null,
        1,
        1,
        1,
        1,
        1,
        null,
        null,
        1,
        1,
        1,
        1,
        null,
        1,
        1,
        1,
        1,
        1,
        1,
        null,
        null,
        1,
        1,
        null,
        null,
        null,
        null
      ],
      "/Users/jon/code/fastlane/fastlane/fastlane/spec/fixtures/actions/archive.rb": [
        1,
        1,
        1,
        1,
        null,
        null,
        1,
        1,
        1,
        null,
        null,
        1,
        1,
        null,
        null,
        null,
        null
      ],
      "/Users/jon/code/fastlane/fastlane/fastlane/spec/fixtures/actions/example_action.rb": [
        1,
        1,
        1,
        1,
        2,
        null,
        null,
        1,
        1,
        null,
        null,
        1,
        null,
        null,
        null,
        null
      ],
      "/Users/jon/code/fastlane/fastlane/fastlane/spec/fixtures/actions/example_action_second.rb": [
        1,
        1,
        1,
        1,
        null,
        null,
        1,
        1,
        1,
        null,
        null,
        1,
        1,
        null,
        null,
        null,
        null
      ],
      "/Users/jon/code/fastlane/fastlane/fastlane/spec/fixtures/broken_actions/broken_action.rb": [
        1,
        1,
        1,
        null,
        1,
        1,
        null,
        null,
        null,
        null
      ]
    },
    "timestamp": 1450125758
  }
}
